{
  "RSpec": {
    "coverage": {
      "/home/ronirose96-22328/code/labs/tic-tac-toe-rb-ruby-intro-kwk/lib/tic_tac_toe.rb": [
        1,
        null,
        1,
        24,
        24,
        24,
        24,
        24,
        24,
        null,
        null,
        null,
        1,
        23,
        23,
        null,
        null,
        null,
        1,
        27,
        24,
        3,
        3,
        null,
        null,
        null,
        null,
        1,
        23,
        null,
        22,
        null,
        null,
        20,
        null,
        null,
        null,
        null,
        1,
        32,
        32,
        288,
        59,
        null,
        null,
        32,
        null,
        null,
        1,
        20,
        14,
        null,
        6,
        null,
        null,
        null,
        null,
        1,
        22,
        null,
        null,
        null,
        1,
        20,
        20,
        20,
        20,
        19,
        19,
        19,
        null,
        1,
        null,
        null,
        null,
        null,
        null,
        null,
        null,
        null,
        1,
        null,
        null,
        null,
        null,
        null,
        null,
        null,
        null,
        null,
        null,
        null,
        1,
        56,
        380,
        380,
        380,
        null,
        380,
        380,
        380,
        null,
        380,
        14,
        null,
        4,
        null,
        null,
        38,
        null,
        null,
        null,
        1,
        7,
        7,
        null,
        6,
        4,
        2,
        2,
        null,
        null,
        null,
        null,
        1,
        177,
        null,
        null,
        null,
        1,
        19,
        2,
        null,
        17,
        3,
        null,
        14,
        null,
        null,
        null,
        null,
        null,
        null,
        1,
        21,
        6,
        15,
        3,
        12,
        1,
        null,
        null,
        null,
        null,
        null,
        null,
        null,
        null,
        1,
        12,
        17,
        null,
        12,
        5,
        7,
        3,
        null,
        null
      ]
    },
    "timestamp": 1475622895
  }
}
